\BOOKMARK [1][-]{section.1}{Nomenclature}{}% 1
\BOOKMARK [1][-]{section.2}{Introduction}{}% 2
\BOOKMARK [1][-]{section.3}{Procedure for Paper Submission}{}% 3
\BOOKMARK [1][-]{section.4}{General Guidelines}{}% 4
\BOOKMARK [2][-]{subsection.4.1}{Publication by AIAA}{section.4}% 5
\BOOKMARK [2][-]{subsection.4.2}{Paper Review and Visa Considerations}{section.4}% 6
\BOOKMARK [2][-]{subsection.4.3}{Control ID Number vs Paper Number}{section.4}% 7
\BOOKMARK [2][-]{subsection.4.4}{Copyright}{section.4}% 8
\BOOKMARK [2][-]{subsection.4.5}{Submission Deadlines}{section.4}% 9
\BOOKMARK [1][-]{section.5}{Detailed Formatting Instructions}{}% 10
\BOOKMARK [2][-]{subsection.5.1}{Document Text}{section.5}% 11
\BOOKMARK [2][-]{subsection.5.2}{Headings}{section.5}% 12
\BOOKMARK [2][-]{subsection.5.3}{Abstract}{section.5}% 13
\BOOKMARK [2][-]{subsection.5.4}{Nomenclature}{section.5}% 14
\BOOKMARK [2][-]{subsection.5.5}{Footnotes and References}{section.5}% 15
\BOOKMARK [2][-]{subsection.5.6}{Images, Figures and Tables}{section.5}% 16
\BOOKMARK [2][-]{subsection.5.7}{Equations, Numbers, Symbols, and Abbreviations}{section.5}% 17
\BOOKMARK [2][-]{subsection.5.8}{General Grammar and Preferred Usage}{section.5}% 18
\BOOKMARK [1][-]{section.6}{Conclusion}{}% 19
\BOOKMARK [1][-]{section.7}{Appendix}{}% 20
\BOOKMARK [1][-]{section.8}{Acknowledgments}{}% 21
